<?xml version="1.0" encoding="UTF-8"?>
<testng-results skipped="0" failed="0" ignored="0" total="1" passed="1">
  <reporter-output>
  </reporter-output>
  <suite name="Default suite" duration-ms="6704" started-at="2021-08-26T19:50:59 IST" finished-at="2021-08-26T19:51:06 IST">
    <groups>
    </groups>
    <test name="Default test" duration-ms="6704" started-at="2021-08-26T19:50:59 IST" finished-at="2021-08-26T19:51:06 IST">
      <class name="APIRequests.GETUsers">
        <test-method status="PASS" signature="POSTCreateuser()[pri:0, instance:APIRequests.GETUsers@ea1a8d5]" name="POSTCreateuser" duration-ms="6581" started-at="2021-08-26T19:50:59 IST" finished-at="2021-08-26T19:51:06 IST">
          <reporter-output>
          </reporter-output>
        </test-method> <!-- POSTCreateuser -->
      </class> <!-- APIRequests.GETUsers -->
    </test> <!-- Default test -->
  </suite> <!-- Default suite -->
</testng-results>
